<?xml version="1.0" encoding="UTF-8"?>
<!-- Generated by org.testng.reporters.JUnitXMLReporter -->
<testsuite hostname="VDCW10DED006" ignored="108" name="Maximo Release 02" tests="28" failures="0" timestamp="2020-05-30T11:51:05 IST" time="508.762" errors="0">
  <testcase name="@BeforeMethod reportHeader" time="0.437" classname="com.accelerators.TestEngine">
    <skipped/>
  </testcase> <!-- @BeforeMethod reportHeader -->
  <testcase name="@AfterMethod tearDown" time="0.005" classname="com.accelerators.TestEngine">
    <failure type="java.lang.NullPointerException">
      <![CDATA[java.lang.NullPointerException
at com.accelerators.TestEngine.tearDown(TestEngine.java:525)
at java.util.ArrayList.forEach(Unknown Source)
... Removed 32 stack frames]]>
    </failure>
  </testcase> <!-- @AfterMethod tearDown -->
  <testcase name="@BeforeMethod reportHeader" time="0.295" classname="com.accelerators.TestEngine">
    <skipped/>
  </testcase> <!-- @BeforeMethod reportHeader -->
  <testcase name="@AfterMethod tearDown" time="0.0" classname="com.accelerators.TestEngine">
    <failure type="java.lang.NullPointerException">
      <![CDATA[java.lang.NullPointerException
at com.accelerators.TestEngine.tearDown(TestEngine.java:525)
at java.util.ArrayList.forEach(Unknown Source)
... Removed 32 stack frames]]>
    </failure>
  </testcase> <!-- @AfterMethod tearDown -->
  <testcase name="@BeforeMethod reportHeader" time="0.25" classname="com.accelerators.TestEngine">
    <skipped/>
  </testcase> <!-- @BeforeMethod reportHeader -->
  <testcase name="@AfterMethod tearDown" time="0.001" classname="com.accelerators.TestEngine">
    <failure type="java.lang.NullPointerException">
      <![CDATA[java.lang.NullPointerException
at com.accelerators.TestEngine.tearDown(TestEngine.java:525)
at java.util.ArrayList.forEach(Unknown Source)
... Removed 32 stack frames]]>
    </failure>
  </testcase> <!-- @AfterMethod tearDown -->
  <testcase name="@BeforeMethod reportHeader" time="0.238" classname="com.accelerators.TestEngine">
    <skipped/>
  </testcase> <!-- @BeforeMethod reportHeader -->
  <testcase name="@AfterMethod tearDown" time="0.001" classname="com.accelerators.TestEngine">
    <failure type="java.lang.NullPointerException">
      <![CDATA[java.lang.NullPointerException
at com.accelerators.TestEngine.tearDown(TestEngine.java:525)
at java.util.ArrayList.forEach(Unknown Source)
... Removed 32 stack frames]]>
    </failure>
  </testcase> <!-- @AfterMethod tearDown -->
  <testcase name="@BeforeMethod reportHeader" time="0.204" classname="com.accelerators.TestEngine">
    <skipped/>
  </testcase> <!-- @BeforeMethod reportHeader -->
  <testcase name="@AfterMethod tearDown" time="0.001" classname="com.accelerators.TestEngine">
    <failure type="java.lang.NullPointerException">
      <![CDATA[java.lang.NullPointerException
at com.accelerators.TestEngine.tearDown(TestEngine.java:525)
at java.util.ArrayList.forEach(Unknown Source)
... Removed 32 stack frames]]>
    </failure>
  </testcase> <!-- @AfterMethod tearDown -->
  <testcase name="@BeforeMethod reportHeader" time="0.173" classname="com.accelerators.TestEngine">
    <skipped/>
  </testcase> <!-- @BeforeMethod reportHeader -->
  <testcase name="@AfterMethod tearDown" time="0.001" classname="com.accelerators.TestEngine">
    <failure type="java.lang.NullPointerException">
      <![CDATA[java.lang.NullPointerException
at com.accelerators.TestEngine.tearDown(TestEngine.java:525)
at java.util.ArrayList.forEach(Unknown Source)
... Removed 32 stack frames]]>
    </failure>
  </testcase> <!-- @AfterMethod tearDown -->
  <testcase name="@BeforeMethod reportHeader" time="0.225" classname="com.accelerators.TestEngine">
    <skipped/>
  </testcase> <!-- @BeforeMethod reportHeader -->
  <testcase name="@AfterMethod tearDown" time="0.0" classname="com.accelerators.TestEngine">
    <failure type="java.lang.NullPointerException">
      <![CDATA[java.lang.NullPointerException
at com.accelerators.TestEngine.tearDown(TestEngine.java:525)
at java.util.ArrayList.forEach(Unknown Source)
... Removed 32 stack frames]]>
    </failure>
  </testcase> <!-- @AfterMethod tearDown -->
  <testcase name="@BeforeMethod reportHeader" time="0.185" classname="com.accelerators.TestEngine">
    <skipped/>
  </testcase> <!-- @BeforeMethod reportHeader -->
  <testcase name="@AfterMethod tearDown" time="0.001" classname="com.accelerators.TestEngine">
    <failure type="java.lang.NullPointerException">
      <![CDATA[java.lang.NullPointerException
at com.accelerators.TestEngine.tearDown(TestEngine.java:525)
at java.util.ArrayList.forEach(Unknown Source)
... Removed 32 stack frames]]>
    </failure>
  </testcase> <!-- @AfterMethod tearDown -->
  <testcase name="@BeforeMethod reportHeader" time="0.21" classname="com.accelerators.TestEngine">
    <skipped/>
  </testcase> <!-- @BeforeMethod reportHeader -->
  <testcase name="@AfterMethod tearDown" time="0.001" classname="com.accelerators.TestEngine">
    <failure type="java.lang.NullPointerException">
      <![CDATA[java.lang.NullPointerException
at com.accelerators.TestEngine.tearDown(TestEngine.java:525)
at java.util.ArrayList.forEach(Unknown Source)
... Removed 32 stack frames]]>
    </failure>
  </testcase> <!-- @AfterMethod tearDown -->
  <testcase name="@BeforeMethod reportHeader" time="0.151" classname="com.accelerators.TestEngine">
    <skipped/>
  </testcase> <!-- @BeforeMethod reportHeader -->
  <testcase name="@AfterMethod tearDown" time="0.003" classname="com.accelerators.TestEngine">
    <failure type="java.lang.NullPointerException">
      <![CDATA[java.lang.NullPointerException
at com.accelerators.TestEngine.tearDown(TestEngine.java:525)
at java.util.ArrayList.forEach(Unknown Source)
... Removed 32 stack frames]]>
    </failure>
  </testcase> <!-- @AfterMethod tearDown -->
  <testcase name="@BeforeMethod reportHeader" time="0.145" classname="com.accelerators.TestEngine">
    <skipped/>
  </testcase> <!-- @BeforeMethod reportHeader -->
  <testcase name="@AfterMethod tearDown" time="0.0" classname="com.accelerators.TestEngine">
    <failure type="java.lang.NullPointerException">
      <![CDATA[java.lang.NullPointerException
at com.accelerators.TestEngine.tearDown(TestEngine.java:525)
at java.util.ArrayList.forEach(Unknown Source)
... Removed 32 stack frames]]>
    </failure>
  </testcase> <!-- @AfterMethod tearDown -->
  <testcase name="@BeforeMethod reportHeader" time="0.157" classname="com.accelerators.TestEngine">
    <skipped/>
  </testcase> <!-- @BeforeMethod reportHeader -->
  <testcase name="@AfterMethod tearDown" time="0.002" classname="com.accelerators.TestEngine">
    <failure type="java.lang.NullPointerException">
      <![CDATA[java.lang.NullPointerException
at com.accelerators.TestEngine.tearDown(TestEngine.java:525)
at java.util.ArrayList.forEach(Unknown Source)
... Removed 32 stack frames]]>
    </failure>
  </testcase> <!-- @AfterMethod tearDown -->
  <testcase name="@BeforeMethod reportHeader" time="0.185" classname="com.accelerators.TestEngine">
    <skipped/>
  </testcase> <!-- @BeforeMethod reportHeader -->
  <testcase name="@AfterMethod tearDown" time="0.0" classname="com.accelerators.TestEngine">
    <failure type="java.lang.NullPointerException">
      <![CDATA[java.lang.NullPointerException
at com.accelerators.TestEngine.tearDown(TestEngine.java:525)
at java.util.ArrayList.forEach(Unknown Source)
... Removed 32 stack frames]]>
    </failure>
  </testcase> <!-- @AfterMethod tearDown -->
  <testcase name="@BeforeMethod reportHeader" time="0.153" classname="com.accelerators.TestEngine">
    <skipped/>
  </testcase> <!-- @BeforeMethod reportHeader -->
  <testcase name="@AfterMethod tearDown" time="0.001" classname="com.accelerators.TestEngine">
    <failure type="java.lang.NullPointerException">
      <![CDATA[java.lang.NullPointerException
at com.accelerators.TestEngine.tearDown(TestEngine.java:525)
at java.util.ArrayList.forEach(Unknown Source)
... Removed 32 stack frames]]>
    </failure>
  </testcase> <!-- @AfterMethod tearDown -->
  <testcase name="@BeforeMethod reportHeader" time="0.147" classname="com.accelerators.TestEngine">
    <skipped/>
  </testcase> <!-- @BeforeMethod reportHeader -->
  <testcase name="@AfterMethod tearDown" time="0.0" classname="com.accelerators.TestEngine">
    <failure type="java.lang.NullPointerException">
      <![CDATA[java.lang.NullPointerException
at com.accelerators.TestEngine.tearDown(TestEngine.java:525)
at java.util.ArrayList.forEach(Unknown Source)
... Removed 32 stack frames]]>
    </failure>
  </testcase> <!-- @AfterMethod tearDown -->
  <testcase name="@BeforeMethod reportHeader" time="0.129" classname="com.accelerators.TestEngine">
    <skipped/>
  </testcase> <!-- @BeforeMethod reportHeader -->
  <testcase name="@AfterMethod tearDown" time="0.001" classname="com.accelerators.TestEngine">
    <failure type="java.lang.NullPointerException">
      <![CDATA[java.lang.NullPointerException
at com.accelerators.TestEngine.tearDown(TestEngine.java:525)
at java.util.ArrayList.forEach(Unknown Source)
... Removed 32 stack frames]]>
    </failure>
  </testcase> <!-- @AfterMethod tearDown -->
  <testcase name="@BeforeMethod reportHeader" time="0.152" classname="com.accelerators.TestEngine">
    <skipped/>
  </testcase> <!-- @BeforeMethod reportHeader -->
  <testcase name="@AfterMethod tearDown" time="0.0" classname="com.accelerators.TestEngine">
    <failure type="java.lang.NullPointerException">
      <![CDATA[java.lang.NullPointerException
at com.accelerators.TestEngine.tearDown(TestEngine.java:525)
at java.util.ArrayList.forEach(Unknown Source)
... Removed 31 stack frames]]>
    </failure>
  </testcase> <!-- @AfterMethod tearDown -->
  <testcase name="@BeforeMethod reportHeader" time="0.156" classname="com.accelerators.TestEngine">
    <skipped/>
  </testcase> <!-- @BeforeMethod reportHeader -->
  <testcase name="@AfterMethod tearDown" time="0.003" classname="com.accelerators.TestEngine">
    <failure type="java.lang.NullPointerException">
      <![CDATA[java.lang.NullPointerException
at com.accelerators.TestEngine.tearDown(TestEngine.java:525)
at java.util.ArrayList.forEach(Unknown Source)
... Removed 31 stack frames]]>
    </failure>
  </testcase> <!-- @AfterMethod tearDown -->
  <testcase name="@BeforeMethod reportHeader" time="0.232" classname="com.accelerators.TestEngine">
    <skipped/>
  </testcase> <!-- @BeforeMethod reportHeader -->
  <testcase name="@AfterMethod tearDown" time="0.001" classname="com.accelerators.TestEngine">
    <failure type="java.lang.NullPointerException">
      <![CDATA[java.lang.NullPointerException
at com.accelerators.TestEngine.tearDown(TestEngine.java:525)
at java.util.ArrayList.forEach(Unknown Source)
... Removed 31 stack frames]]>
    </failure>
  </testcase> <!-- @AfterMethod tearDown -->
  <testcase name="@BeforeMethod reportHeader" time="0.132" classname="com.accelerators.TestEngine">
    <skipped/>
  </testcase> <!-- @BeforeMethod reportHeader -->
  <testcase name="@AfterMethod tearDown" time="0.0" classname="com.accelerators.TestEngine">
    <failure type="java.lang.NullPointerException">
      <![CDATA[java.lang.NullPointerException
at com.accelerators.TestEngine.tearDown(TestEngine.java:525)
at java.util.ArrayList.forEach(Unknown Source)
... Removed 31 stack frames]]>
    </failure>
  </testcase> <!-- @AfterMethod tearDown -->
  <testcase name="@BeforeMethod reportHeader" time="0.156" classname="com.accelerators.TestEngine">
    <skipped/>
  </testcase> <!-- @BeforeMethod reportHeader -->
  <testcase name="@AfterMethod tearDown" time="0.001" classname="com.accelerators.TestEngine">
    <failure type="java.lang.NullPointerException">
      <![CDATA[java.lang.NullPointerException
at com.accelerators.TestEngine.tearDown(TestEngine.java:525)
at java.util.ArrayList.forEach(Unknown Source)
... Removed 31 stack frames]]>
    </failure>
  </testcase> <!-- @AfterMethod tearDown -->
  <testcase name="@BeforeMethod reportHeader" time="0.153" classname="com.accelerators.TestEngine">
    <skipped/>
  </testcase> <!-- @BeforeMethod reportHeader -->
  <testcase name="@AfterMethod tearDown" time="0.001" classname="com.accelerators.TestEngine">
    <failure type="java.lang.NullPointerException">
      <![CDATA[java.lang.NullPointerException
at com.accelerators.TestEngine.tearDown(TestEngine.java:525)
at java.util.ArrayList.forEach(Unknown Source)
... Removed 31 stack frames]]>
    </failure>
  </testcase> <!-- @AfterMethod tearDown -->
  <testcase name="@BeforeMethod reportHeader" time="0.143" classname="com.accelerators.TestEngine">
    <skipped/>
  </testcase> <!-- @BeforeMethod reportHeader -->
  <testcase name="@AfterMethod tearDown" time="0.002" classname="com.accelerators.TestEngine">
    <failure type="java.lang.NullPointerException">
      <![CDATA[java.lang.NullPointerException
at com.accelerators.TestEngine.tearDown(TestEngine.java:525)
at java.util.ArrayList.forEach(Unknown Source)
... Removed 31 stack frames]]>
    </failure>
  </testcase> <!-- @AfterMethod tearDown -->
  <testcase name="@BeforeMethod reportHeader" time="0.135" classname="com.accelerators.TestEngine">
    <skipped/>
  </testcase> <!-- @BeforeMethod reportHeader -->
  <testcase name="@AfterMethod tearDown" time="0.001" classname="com.accelerators.TestEngine">
    <failure type="java.lang.NullPointerException">
      <![CDATA[java.lang.NullPointerException
at com.accelerators.TestEngine.tearDown(TestEngine.java:525)
at java.util.ArrayList.forEach(Unknown Source)
... Removed 31 stack frames]]>
    </failure>
  </testcase> <!-- @AfterMethod tearDown -->
  <testcase name="@BeforeMethod reportHeader" time="0.128" classname="com.accelerators.TestEngine">
    <skipped/>
  </testcase> <!-- @BeforeMethod reportHeader -->
  <testcase name="@AfterMethod tearDown" time="0.0" classname="com.accelerators.TestEngine">
    <failure type="java.lang.NullPointerException">
      <![CDATA[java.lang.NullPointerException
at com.accelerators.TestEngine.tearDown(TestEngine.java:525)
at java.util.ArrayList.forEach(Unknown Source)
... Removed 31 stack frames]]>
    </failure>
  </testcase> <!-- @AfterMethod tearDown -->
  <testcase name="@BeforeMethod reportHeader" time="0.123" classname="com.accelerators.TestEngine">
    <skipped/>
  </testcase> <!-- @BeforeMethod reportHeader -->
  <testcase name="@AfterMethod tearDown" time="0.001" classname="com.accelerators.TestEngine">
    <failure type="java.lang.NullPointerException">
      <![CDATA[java.lang.NullPointerException
at com.accelerators.TestEngine.tearDown(TestEngine.java:525)
at java.util.ArrayList.forEach(Unknown Source)
... Removed 31 stack frames]]>
    </failure>
  </testcase> <!-- @AfterMethod tearDown -->
  <testcase name="@BeforeMethod reportHeader" time="0.094" classname="com.accelerators.TestEngine">
    <skipped/>
  </testcase> <!-- @BeforeMethod reportHeader -->
  <testcase name="OWL_229" time="0.0" classname="com.Script.R02.OWL_229">
    <skipped/>
  </testcase> <!-- OWL_229 -->
  <testcase name="OWL_230" time="0.0" classname="com.Script.R02.OWL_230">
    <skipped/>
  </testcase> <!-- OWL_230 -->
  <testcase name="OWL_231" time="0.0" classname="com.Script.R02.OWL_231">
    <skipped/>
  </testcase> <!-- OWL_231 -->
  <testcase name="OWL_232" time="0.0" classname="com.Script.R02.OWL_232">
    <skipped/>
  </testcase> <!-- OWL_232 -->
  <testcase name="OWL_233" time="0.0" classname="com.Script.R02.OWL_233">
    <skipped/>
  </testcase> <!-- OWL_233 -->
  <testcase name="OWL_235" time="0.0" classname="com.Script.R02.OWL_235">
    <skipped/>
  </testcase> <!-- OWL_235 -->
  <testcase name="OWL_236" time="0.0" classname="com.Script.R02.OWL_236">
    <skipped/>
  </testcase> <!-- OWL_236 -->
  <testcase name="OWL_237" time="0.0" classname="com.Script.R02.OWL_237">
    <skipped/>
  </testcase> <!-- OWL_237 -->
  <testcase name="OWL_238" time="0.0" classname="com.Script.R02.OWL_238">
    <skipped/>
  </testcase> <!-- OWL_238 -->
  <testcase name="OWL_242" time="0.0" classname="com.Script.R02.OWL_242">
    <skipped/>
  </testcase> <!-- OWL_242 -->
  <testcase name="OWL_243" time="0.0" classname="com.Script.R02.OWL_243">
    <skipped/>
  </testcase> <!-- OWL_243 -->
  <testcase name="OWL_246" time="0.0" classname="com.Script.R02.OWL_246">
    <skipped/>
  </testcase> <!-- OWL_246 -->
  <testcase name="OWL_247" time="0.0" classname="com.Script.R02.OWL_247">
    <skipped/>
  </testcase> <!-- OWL_247 -->
  <testcase name="OWL_250" time="0.0" classname="com.Script.R02.OWL_250">
    <skipped/>
  </testcase> <!-- OWL_250 -->
  <testcase name="OWL_252" time="0.0" classname="com.Script.R02.OWL_252">
    <skipped/>
  </testcase> <!-- OWL_252 -->
  <testcase name="OWL_253" time="0.0" classname="com.Script.R02.OWL_253">
    <skipped/>
  </testcase> <!-- OWL_253 -->
  <testcase name="SMK_TEST_ACC" time="0.0" classname="com.Script.R02.SMK_TEST_ACC">
    <skipped/>
  </testcase> <!-- SMK_TEST_ACC -->
  <testcase name="OWL_QC_R01R02_TEST01" time="0.0" classname="com.Script.UAT_R01_R02.OWL_QC_R01R02_TEST01">
    <skipped/>
  </testcase> <!-- OWL_QC_R01R02_TEST01 -->
  <testcase name="OWL_QC_R01R02_TEST02" time="0.0" classname="com.Script.UAT_R01_R02.OWL_QC_R01R02_TEST02">
    <skipped/>
  </testcase> <!-- OWL_QC_R01R02_TEST02 -->
  <testcase name="OWL_UAT_R01R02_TEST01" time="0.0" classname="com.Script.UAT_R01_R02.OWL_UAT_R01R02_TEST01">
    <skipped/>
  </testcase> <!-- OWL_UAT_R01R02_TEST01 -->
  <testcase name="OWL_UAT_R01R02_TEST02" time="0.0" classname="com.Script.UAT_R01_R02.OWL_UAT_R01R02_TEST02">
    <skipped/>
  </testcase> <!-- OWL_UAT_R01R02_TEST02 -->
  <testcase name="OWL_UAT_R01R02_TEST06" time="0.0" classname="com.Script.UAT_R01_R02.OWL_UAT_R01R02_TEST06">
    <skipped/>
  </testcase> <!-- OWL_UAT_R01R02_TEST06 -->
  <testcase name="OWL_UAT_R01R02_TEST07" time="0.0" classname="com.Script.UAT_R01_R02.OWL_UAT_R01R02_TEST07">
    <skipped/>
  </testcase> <!-- OWL_UAT_R01R02_TEST07 -->
  <testcase name="OWL_UAT_R01R02_TEST08" time="0.0" classname="com.Script.UAT_R01_R02.OWL_UAT_R01R02_TEST08">
    <skipped/>
  </testcase> <!-- OWL_UAT_R01R02_TEST08 -->
  <testcase name="OWL_UAT_R01R02_TEST09" time="0.0" classname="com.Script.UAT_R01_R02.OWL_UAT_R01R02_TEST09">
    <skipped/>
  </testcase> <!-- OWL_UAT_R01R02_TEST09 -->
  <testcase name="OWL_UAT_R01R02_TEST10" time="0.0" classname="com.Script.UAT_R01_R02.OWL_UAT_R01R02_TEST10">
    <skipped/>
  </testcase> <!-- OWL_UAT_R01R02_TEST10 -->
  <testcase name="OWL_UAT_R01R02_TEST11" time="475.0" classname="com.Script.UAT_R01_R02.OWL_UAT_R01R02_TEST11"/>
  <testcase name="OWL_UAT_R01R02_TEST12" time="0.0" classname="com.Script.UAT_R01_R02.OWL_UAT_R01R02_TEST12">
    <skipped/>
  </testcase> <!-- OWL_UAT_R01R02_TEST12 -->
  <testcase name="@AfterTest closeTest" time="0.0" classname="com.accelerators.TestEngine">
    <ignored/>
  </testcase> <!-- @AfterTest closeTest -->
  <testcase name="@AfterTest closeTest" time="0.0" classname="com.accelerators.TestEngine">
    <ignored/>
  </testcase> <!-- @AfterTest closeTest -->
  <testcase name="@AfterTest closeTest" time="0.0" classname="com.accelerators.TestEngine">
    <ignored/>
  </testcase> <!-- @AfterTest closeTest -->
  <testcase name="@AfterTest closeTest" time="0.0" classname="com.accelerators.TestEngine">
    <ignored/>
  </testcase> <!-- @AfterTest closeTest -->
  <testcase name="@AfterTest closeTest" time="0.0" classname="com.accelerators.TestEngine">
    <ignored/>
  </testcase> <!-- @AfterTest closeTest -->
  <testcase name="@AfterTest closeTest" time="0.0" classname="com.accelerators.TestEngine">
    <ignored/>
  </testcase> <!-- @AfterTest closeTest -->
  <testcase name="@AfterTest closeTest" time="0.0" classname="com.accelerators.TestEngine">
    <ignored/>
  </testcase> <!-- @AfterTest closeTest -->
  <testcase name="@AfterTest closeTest" time="0.0" classname="com.accelerators.TestEngine">
    <ignored/>
  </testcase> <!-- @AfterTest closeTest -->
  <testcase name="@AfterTest closeTest" time="0.0" classname="com.accelerators.TestEngine">
    <ignored/>
  </testcase> <!-- @AfterTest closeTest -->
  <testcase name="@AfterTest closeTest" time="0.0" classname="com.accelerators.TestEngine">
    <ignored/>
  </testcase> <!-- @AfterTest closeTest -->
  <testcase name="@AfterTest closeTest" time="0.0" classname="com.accelerators.TestEngine">
    <ignored/>
  </testcase> <!-- @AfterTest closeTest -->
  <testcase name="@AfterTest closeTest" time="0.0" classname="com.accelerators.TestEngine">
    <ignored/>
  </testcase> <!-- @AfterTest closeTest -->
  <testcase name="@AfterTest closeTest" time="0.0" classname="com.accelerators.TestEngine">
    <ignored/>
  </testcase> <!-- @AfterTest closeTest -->
  <testcase name="@AfterTest closeTest" time="0.0" classname="com.accelerators.TestEngine">
    <ignored/>
  </testcase> <!-- @AfterTest closeTest -->
  <testcase name="@AfterTest closeTest" time="0.0" classname="com.accelerators.TestEngine">
    <ignored/>
  </testcase> <!-- @AfterTest closeTest -->
  <testcase name="@AfterTest closeTest" time="0.0" classname="com.accelerators.TestEngine">
    <ignored/>
  </testcase> <!-- @AfterTest closeTest -->
  <testcase name="@AfterTest closeTest" time="0.0" classname="com.accelerators.TestEngine">
    <ignored/>
  </testcase> <!-- @AfterTest closeTest -->
  <testcase name="@AfterTest closeTest" time="0.0" classname="com.accelerators.TestEngine">
    <ignored/>
  </testcase> <!-- @AfterTest closeTest -->
  <testcase name="@AfterTest closeTest" time="0.0" classname="com.accelerators.TestEngine">
    <ignored/>
  </testcase> <!-- @AfterTest closeTest -->
  <testcase name="@AfterTest closeTest" time="0.0" classname="com.accelerators.TestEngine">
    <ignored/>
  </testcase> <!-- @AfterTest closeTest -->
  <testcase name="@AfterTest closeTest" time="0.0" classname="com.accelerators.TestEngine">
    <ignored/>
  </testcase> <!-- @AfterTest closeTest -->
  <testcase name="@AfterTest closeTest" time="0.0" classname="com.accelerators.TestEngine">
    <ignored/>
  </testcase> <!-- @AfterTest closeTest -->
  <testcase name="@AfterTest closeTest" time="0.0" classname="com.accelerators.TestEngine">
    <ignored/>
  </testcase> <!-- @AfterTest closeTest -->
  <testcase name="@AfterTest closeTest" time="0.0" classname="com.accelerators.TestEngine">
    <ignored/>
  </testcase> <!-- @AfterTest closeTest -->
  <testcase name="@AfterTest closeTest" time="0.0" classname="com.accelerators.TestEngine">
    <ignored/>
  </testcase> <!-- @AfterTest closeTest -->
  <testcase name="@AfterTest closeTest" time="0.0" classname="com.accelerators.TestEngine">
    <ignored/>
  </testcase> <!-- @AfterTest closeTest -->
  <testcase name="@AfterTest closeTest" time="0.0" classname="com.accelerators.TestEngine">
    <ignored/>
  </testcase> <!-- @AfterTest closeTest -->
  <testcase name="@AfterSuite tearDown" time="0.0" classname="com.accelerators.TestEngine">
    <ignored/>
  </testcase> <!-- @AfterSuite tearDown -->
  <testcase name="@AfterSuite tearDown" time="0.0" classname="com.accelerators.TestEngine">
    <ignored/>
  </testcase> <!-- @AfterSuite tearDown -->
  <testcase name="@AfterSuite tearDown" time="0.0" classname="com.accelerators.TestEngine">
    <ignored/>
  </testcase> <!-- @AfterSuite tearDown -->
  <testcase name="@AfterSuite tearDown" time="0.0" classname="com.accelerators.TestEngine">
    <ignored/>
  </testcase> <!-- @AfterSuite tearDown -->
  <testcase name="@AfterSuite tearDown" time="0.0" classname="com.accelerators.TestEngine">
    <ignored/>
  </testcase> <!-- @AfterSuite tearDown -->
  <testcase name="@AfterSuite tearDown" time="0.0" classname="com.accelerators.TestEngine">
    <ignored/>
  </testcase> <!-- @AfterSuite tearDown -->
  <testcase name="@AfterSuite tearDown" time="0.0" classname="com.accelerators.TestEngine">
    <ignored/>
  </testcase> <!-- @AfterSuite tearDown -->
  <testcase name="@AfterSuite tearDown" time="0.0" classname="com.accelerators.TestEngine">
    <ignored/>
  </testcase> <!-- @AfterSuite tearDown -->
  <testcase name="@AfterSuite tearDown" time="0.0" classname="com.accelerators.TestEngine">
    <ignored/>
  </testcase> <!-- @AfterSuite tearDown -->
  <testcase name="@AfterSuite tearDown" time="0.0" classname="com.accelerators.TestEngine">
    <ignored/>
  </testcase> <!-- @AfterSuite tearDown -->
  <testcase name="@AfterSuite tearDown" time="0.0" classname="com.accelerators.TestEngine">
    <ignored/>
  </testcase> <!-- @AfterSuite tearDown -->
  <testcase name="@AfterSuite tearDown" time="0.0" classname="com.accelerators.TestEngine">
    <ignored/>
  </testcase> <!-- @AfterSuite tearDown -->
  <testcase name="@AfterSuite tearDown" time="0.0" classname="com.accelerators.TestEngine">
    <ignored/>
  </testcase> <!-- @AfterSuite tearDown -->
  <testcase name="@AfterSuite tearDown" time="0.0" classname="com.accelerators.TestEngine">
    <ignored/>
  </testcase> <!-- @AfterSuite tearDown -->
  <testcase name="@AfterSuite tearDown" time="0.0" classname="com.accelerators.TestEngine">
    <ignored/>
  </testcase> <!-- @AfterSuite tearDown -->
  <testcase name="@AfterSuite tearDown" time="0.0" classname="com.accelerators.TestEngine">
    <ignored/>
  </testcase> <!-- @AfterSuite tearDown -->
  <testcase name="@AfterSuite tearDown" time="0.0" classname="com.accelerators.TestEngine">
    <ignored/>
  </testcase> <!-- @AfterSuite tearDown -->
  <testcase name="@AfterSuite tearDown" time="0.0" classname="com.accelerators.TestEngine">
    <ignored/>
  </testcase> <!-- @AfterSuite tearDown -->
  <testcase name="@AfterSuite tearDown" time="0.0" classname="com.accelerators.TestEngine">
    <ignored/>
  </testcase> <!-- @AfterSuite tearDown -->
  <testcase name="@AfterSuite tearDown" time="0.0" classname="com.accelerators.TestEngine">
    <ignored/>
  </testcase> <!-- @AfterSuite tearDown -->
  <testcase name="@AfterSuite tearDown" time="0.0" classname="com.accelerators.TestEngine">
    <ignored/>
  </testcase> <!-- @AfterSuite tearDown -->
  <testcase name="@AfterSuite tearDown" time="0.0" classname="com.accelerators.TestEngine">
    <ignored/>
  </testcase> <!-- @AfterSuite tearDown -->
  <testcase name="@AfterSuite tearDown" time="0.0" classname="com.accelerators.TestEngine">
    <ignored/>
  </testcase> <!-- @AfterSuite tearDown -->
  <testcase name="@AfterSuite tearDown" time="0.0" classname="com.accelerators.TestEngine">
    <ignored/>
  </testcase> <!-- @AfterSuite tearDown -->
  <testcase name="@AfterSuite tearDown" time="0.0" classname="com.accelerators.TestEngine">
    <ignored/>
  </testcase> <!-- @AfterSuite tearDown -->
  <testcase name="@AfterSuite tearDown" time="0.0" classname="com.accelerators.TestEngine">
    <ignored/>
  </testcase> <!-- @AfterSuite tearDown -->
  <testcase name="@AfterSuite tearDown" time="0.0" classname="com.accelerators.TestEngine">
    <ignored/>
  </testcase> <!-- @AfterSuite tearDown -->
  <testcase name="@BeforeTest startTest" time="0.0" classname="com.accelerators.TestEngine">
    <ignored/>
  </testcase> <!-- @BeforeTest startTest -->
  <testcase name="@BeforeTest startTest" time="0.0" classname="com.accelerators.TestEngine">
    <ignored/>
  </testcase> <!-- @BeforeTest startTest -->
  <testcase name="@BeforeTest startTest" time="0.0" classname="com.accelerators.TestEngine">
    <ignored/>
  </testcase> <!-- @BeforeTest startTest -->
  <testcase name="@BeforeTest startTest" time="0.0" classname="com.accelerators.TestEngine">
    <ignored/>
  </testcase> <!-- @BeforeTest startTest -->
  <testcase name="@BeforeTest startTest" time="0.0" classname="com.accelerators.TestEngine">
    <ignored/>
  </testcase> <!-- @BeforeTest startTest -->
  <testcase name="@BeforeTest startTest" time="0.0" classname="com.accelerators.TestEngine">
    <ignored/>
  </testcase> <!-- @BeforeTest startTest -->
  <testcase name="@BeforeTest startTest" time="0.0" classname="com.accelerators.TestEngine">
    <ignored/>
  </testcase> <!-- @BeforeTest startTest -->
  <testcase name="@BeforeTest startTest" time="0.0" classname="com.accelerators.TestEngine">
    <ignored/>
  </testcase> <!-- @BeforeTest startTest -->
  <testcase name="@BeforeTest startTest" time="0.0" classname="com.accelerators.TestEngine">
    <ignored/>
  </testcase> <!-- @BeforeTest startTest -->
  <testcase name="@BeforeTest startTest" time="0.0" classname="com.accelerators.TestEngine">
    <ignored/>
  </testcase> <!-- @BeforeTest startTest -->
  <testcase name="@BeforeTest startTest" time="0.0" classname="com.accelerators.TestEngine">
    <ignored/>
  </testcase> <!-- @BeforeTest startTest -->
  <testcase name="@BeforeTest startTest" time="0.0" classname="com.accelerators.TestEngine">
    <ignored/>
  </testcase> <!-- @BeforeTest startTest -->
  <testcase name="@BeforeTest startTest" time="0.0" classname="com.accelerators.TestEngine">
    <ignored/>
  </testcase> <!-- @BeforeTest startTest -->
  <testcase name="@BeforeTest startTest" time="0.0" classname="com.accelerators.TestEngine">
    <ignored/>
  </testcase> <!-- @BeforeTest startTest -->
  <testcase name="@BeforeTest startTest" time="0.0" classname="com.accelerators.TestEngine">
    <ignored/>
  </testcase> <!-- @BeforeTest startTest -->
  <testcase name="@BeforeTest startTest" time="0.0" classname="com.accelerators.TestEngine">
    <ignored/>
  </testcase> <!-- @BeforeTest startTest -->
  <testcase name="@BeforeTest startTest" time="0.0" classname="com.accelerators.TestEngine">
    <ignored/>
  </testcase> <!-- @BeforeTest startTest -->
  <testcase name="@BeforeTest startTest" time="0.0" classname="com.accelerators.TestEngine">
    <ignored/>
  </testcase> <!-- @BeforeTest startTest -->
  <testcase name="@BeforeTest startTest" time="0.0" classname="com.accelerators.TestEngine">
    <ignored/>
  </testcase> <!-- @BeforeTest startTest -->
  <testcase name="@BeforeTest startTest" time="0.0" classname="com.accelerators.TestEngine">
    <ignored/>
  </testcase> <!-- @BeforeTest startTest -->
  <testcase name="@BeforeTest startTest" time="0.0" classname="com.accelerators.TestEngine">
    <ignored/>
  </testcase> <!-- @BeforeTest startTest -->
  <testcase name="@BeforeTest startTest" time="0.0" classname="com.accelerators.TestEngine">
    <ignored/>
  </testcase> <!-- @BeforeTest startTest -->
  <testcase name="@BeforeTest startTest" time="0.0" classname="com.accelerators.TestEngine">
    <ignored/>
  </testcase> <!-- @BeforeTest startTest -->
  <testcase name="@BeforeTest startTest" time="0.0" classname="com.accelerators.TestEngine">
    <ignored/>
  </testcase> <!-- @BeforeTest startTest -->
  <testcase name="@BeforeTest startTest" time="0.0" classname="com.accelerators.TestEngine">
    <ignored/>
  </testcase> <!-- @BeforeTest startTest -->
  <testcase name="@BeforeTest startTest" time="0.0" classname="com.accelerators.TestEngine">
    <ignored/>
  </testcase> <!-- @BeforeTest startTest -->
  <testcase name="@BeforeTest startTest" time="0.0" classname="com.accelerators.TestEngine">
    <ignored/>
  </testcase> <!-- @BeforeTest startTest -->
  <testcase name="@BeforeSuite first" time="0.0" classname="com.accelerators.TestEngine">
    <ignored/>
  </testcase> <!-- @BeforeSuite first -->
  <testcase name="@BeforeSuite first" time="0.0" classname="com.accelerators.TestEngine">
    <ignored/>
  </testcase> <!-- @BeforeSuite first -->
  <testcase name="@BeforeSuite first" time="0.0" classname="com.accelerators.TestEngine">
    <ignored/>
  </testcase> <!-- @BeforeSuite first -->
  <testcase name="@BeforeSuite first" time="0.0" classname="com.accelerators.TestEngine">
    <ignored/>
  </testcase> <!-- @BeforeSuite first -->
  <testcase name="@BeforeSuite first" time="0.0" classname="com.accelerators.TestEngine">
    <ignored/>
  </testcase> <!-- @BeforeSuite first -->
  <testcase name="@BeforeSuite first" time="0.0" classname="com.accelerators.TestEngine">
    <ignored/>
  </testcase> <!-- @BeforeSuite first -->
  <testcase name="@BeforeSuite first" time="0.0" classname="com.accelerators.TestEngine">
    <ignored/>
  </testcase> <!-- @BeforeSuite first -->
  <testcase name="@BeforeSuite first" time="0.0" classname="com.accelerators.TestEngine">
    <ignored/>
  </testcase> <!-- @BeforeSuite first -->
  <testcase name="@BeforeSuite first" time="0.0" classname="com.accelerators.TestEngine">
    <ignored/>
  </testcase> <!-- @BeforeSuite first -->
  <testcase name="@BeforeSuite first" time="0.0" classname="com.accelerators.TestEngine">
    <ignored/>
  </testcase> <!-- @BeforeSuite first -->
  <testcase name="@BeforeSuite first" time="0.0" classname="com.accelerators.TestEngine">
    <ignored/>
  </testcase> <!-- @BeforeSuite first -->
  <testcase name="@BeforeSuite first" time="0.0" classname="com.accelerators.TestEngine">
    <ignored/>
  </testcase> <!-- @BeforeSuite first -->
  <testcase name="@BeforeSuite first" time="0.0" classname="com.accelerators.TestEngine">
    <ignored/>
  </testcase> <!-- @BeforeSuite first -->
  <testcase name="@BeforeSuite first" time="0.0" classname="com.accelerators.TestEngine">
    <ignored/>
  </testcase> <!-- @BeforeSuite first -->
  <testcase name="@BeforeSuite first" time="0.0" classname="com.accelerators.TestEngine">
    <ignored/>
  </testcase> <!-- @BeforeSuite first -->
  <testcase name="@BeforeSuite first" time="0.0" classname="com.accelerators.TestEngine">
    <ignored/>
  </testcase> <!-- @BeforeSuite first -->
  <testcase name="@BeforeSuite first" time="0.0" classname="com.accelerators.TestEngine">
    <ignored/>
  </testcase> <!-- @BeforeSuite first -->
  <testcase name="@BeforeSuite first" time="0.0" classname="com.accelerators.TestEngine">
    <ignored/>
  </testcase> <!-- @BeforeSuite first -->
  <testcase name="@BeforeSuite first" time="0.0" classname="com.accelerators.TestEngine">
    <ignored/>
  </testcase> <!-- @BeforeSuite first -->
  <testcase name="@BeforeSuite first" time="0.0" classname="com.accelerators.TestEngine">
    <ignored/>
  </testcase> <!-- @BeforeSuite first -->
  <testcase name="@BeforeSuite first" time="0.0" classname="com.accelerators.TestEngine">
    <ignored/>
  </testcase> <!-- @BeforeSuite first -->
  <testcase name="@BeforeSuite first" time="0.0" classname="com.accelerators.TestEngine">
    <ignored/>
  </testcase> <!-- @BeforeSuite first -->
  <testcase name="@BeforeSuite first" time="0.0" classname="com.accelerators.TestEngine">
    <ignored/>
  </testcase> <!-- @BeforeSuite first -->
  <testcase name="@BeforeSuite first" time="0.0" classname="com.accelerators.TestEngine">
    <ignored/>
  </testcase> <!-- @BeforeSuite first -->
  <testcase name="@BeforeSuite first" time="0.0" classname="com.accelerators.TestEngine">
    <ignored/>
  </testcase> <!-- @BeforeSuite first -->
  <testcase name="@BeforeSuite first" time="0.0" classname="com.accelerators.TestEngine">
    <ignored/>
  </testcase> <!-- @BeforeSuite first -->
  <testcase name="@BeforeSuite first" time="0.0" classname="com.accelerators.TestEngine">
    <ignored/>
  </testcase> <!-- @BeforeSuite first -->
</testsuite> <!-- Maximo Release 02 -->
